\BOOKMARK [1][-]{chapter*.2}{\376\377\000A\000b\000s\000t\000r\000a\000c\000t}{}% 1
\BOOKMARK [1][-]{chapter*.3}{\376\377\000A\000b\000s\000t\000r\000a\000c\000t\000\040\000T\000a\000m\000i\000l}{}% 2
\BOOKMARK [1][-]{chapter*.4}{\376\377\000A\000c\000k\000n\000o\000w\000l\000e\000d\000g\000e\000m\000e\000n\000t}{}% 3
\BOOKMARK [1][-]{chapter*.4}{\376\377\000L\000I\000S\000T\000\040\000O\000F\000\040\000T\000A\000B\000L\000E\000S}{}% 4
\BOOKMARK [1][-]{chapter*.4}{\376\377\000L\000I\000S\000T\000\040\000O\000F\000\040\000F\000I\000G\000U\000R\000E\000S}{}% 5
\BOOKMARK [1][-]{chapter*.5}{\376\377\000L\000I\000S\000T\000\040\000O\000F\000\040\000A\000B\000B\000R\000E\000V\000I\000A\000T\000I\000O\000N\000S}{}% 6
\BOOKMARK [0][-]{chapter.1}{\376\377\000I\000n\000t\000r\000o\000d\000u\000c\000t\000i\000o\000n}{}% 7
\BOOKMARK [1][-]{section.1.1}{\376\377\000\040\000T\000E\000S\000T\000I\000N\000G}{chapter.1}% 8
\BOOKMARK [2][-]{subsection.1.1.1}{\376\377\000\040\000S\000i\000m\000u\000l\000a\000t\000i\000o\000n\000\040\000P\000l\000a\000t\000f\000o\000r\000m\000s}{section.1.1}% 9
\BOOKMARK [2][-]{subsection.1.1.2}{\376\377\000\040\000V\000e\000h\000i\000c\000l\000e\000s\000\040\000P\000l\000a\000t\000f\000o\000r\000m\000s}{section.1.1}% 10
\BOOKMARK [1][-]{section.1.2}{\376\377\000\040\000P\000R\000O\000B\000L\000E\000M\000S\000\040\000R\000E\000L\000E\000V\000A\000N\000T\000\040\000T\000O\000\040\000T\000H\000E\000\040\000R\000E\000S\000E\000A\000R\000C\000H}{chapter.1}% 11
\BOOKMARK [1][-]{section.1.3}{\376\377\000\040\000R\000E\000S\000E\000A\000R\000C\000H\000\040\000O\000B\000J\000E\000C\000T\000I\000V\000E\000S}{chapter.1}% 12
\BOOKMARK [1][-]{section.1.4}{\376\377\000\040\000O\000V\000E\000R\000V\000I\000E\000W\000\040\000O\000F\000\040\000T\000H\000E\000\040\000P\000R\000O\000P\000O\000S\000E\000D\000\040\000S\000Y\000S\000T\000E\000M}{chapter.1}% 13
\BOOKMARK [1][-]{section.1.5}{\376\377\000\040\000O\000R\000G\000A\000N\000I\000Z\000A\000T\000I\000O\000N\000\040\000O\000F\000\040\000T\000H\000E\000\040\000R\000E\000P\000O\000R\000T}{chapter.1}% 14
\BOOKMARK [0][-]{chapter.2}{\376\377\000L\000i\000t\000e\000r\000a\000t\000u\000r\000e\000\040\000S\000u\000r\000v\000e\000y}{}% 15
\BOOKMARK [1][-]{section.2.1}{\376\377\000\040\000A\000U\000T\000O\000N\000O\000M\000O\000U\000S\000\040\000D\000R\000I\000V\000I\000N\000G}{chapter.2}% 16
\BOOKMARK [2][-]{subsection.2.1.1}{\376\377\000\040\000P\000e\000r\000c\000e\000p\000t\000i\000o\000n}{section.2.1}% 17
\BOOKMARK [3][-]{subsubsection.2.1.1.1}{\376\377\000L\000i\000d\000a\000r}{subsection.2.1.1}% 18
\BOOKMARK [3][-]{subsubsection.2.1.1.2}{\376\377\000C\000a\000m\000e\000r\000a}{subsection.2.1.1}% 19
\BOOKMARK [3][-]{subsubsection.2.1.1.3}{\376\377\000R\000a\000d\000a\000r}{subsection.2.1.1}% 20
\BOOKMARK [3][-]{subsubsection.2.1.1.4}{\376\377\000G\000N\000S\000S}{subsection.2.1.1}% 21
\BOOKMARK [2][-]{subsection.2.1.2}{\376\377\000\040\000P\000l\000a\000n\000n\000i\000n\000g}{section.2.1}% 22
\BOOKMARK [2][-]{subsection.2.1.3}{\376\377\000\040\000C\000o\000n\000t\000r\000o\000l}{section.2.1}% 23
\BOOKMARK [3][-]{subsubsection.2.1.3.1}{\376\377\000C\000o\000n\000t\000r\000o\000l\000\040\000M\000e\000t\000h\000o\000d\000o\000l\000o\000g\000i\000e\000s}{subsection.2.1.3}% 24
\BOOKMARK [1][-]{section.2.2}{\376\377\000\040\000L\000A\000R\000G\000E\000\040\000L\000A\000N\000G\000U\000A\000G\000E\000\040\000M\000O\000D\000E\000L}{chapter.2}% 25
\BOOKMARK [2][-]{subsection.2.2.1}{\376\377\000\040\000O\000p\000e\000n\000A\000I\000'\000s\000\040\000G\000P\000T\000\040\0003\000.\0005\000\040\000A\000n\000d\000\040\000G\000P\000T\000\040\0004}{section.2.2}% 26
\BOOKMARK [2][-]{subsection.2.2.2}{\376\377\000\040\000L\000l\000a\000m\000a\000\040\000A\000n\000d\000\040\000L\000l\000a\000m\000a\0002}{section.2.2}% 27
\BOOKMARK [2][-]{subsection.2.2.3}{\376\377\000\040\000M\000i\000s\000t\000r\000a\000l\000\040\000a\000n\000d\000\040\000M\000i\000x\000t\000r\000a\000l}{section.2.2}% 28
\BOOKMARK [1][-]{section.2.3}{\376\377\000\040\000K\000N\000O\000W\000L\000E\000D\000G\000E\000\040\000D\000R\000I\000V\000E\000N\000\040\000D\000R\000I\000V\000I\000N\000G\000\040\000A\000G\000E\000N\000T\000S\000\040\000U\000S\000I\000N\000G\000\040\000L\000L\000M}{chapter.2}% 29
\BOOKMARK [2][-]{subsection.2.3.1}{\376\377\000\040\000W\000o\000r\000k\000i\000n\000g\000\040\000w\000i\000t\000h\000\040\000S\000e\000m\000a\000n\000t\000i\000c\000\040\000I\000n\000f\000o\000r\000m\000a\000t\000i\000o\000n}{section.2.3}% 30
\BOOKMARK [2][-]{subsection.2.3.2}{\376\377\000\040\000A\000u\000t\000o\000n\000o\000m\000o\000u\000s\000\040\000D\000r\000i\000v\000i\000n\000g\000\040\000T\000a\000s\000k\000s\000\040\000u\000s\000i\000n\000g\000\040\000L\000L\000M\000s}{section.2.3}% 31
\BOOKMARK [2][-]{subsection.2.3.3}{\376\377\000\040\000B\000D\000D\000-\000X\000\040\000D\000a\000t\000a\000s\000e\000t}{section.2.3}% 32
\BOOKMARK [0][-]{chapter.3}{\376\377\000S\000y\000s\000t\000e\000m\000\040\000D\000e\000s\000i\000g\000n}{}% 33
\BOOKMARK [1][-]{section.3.1}{\376\377\000\040\000D\000A\000T\000A\000\040\000C\000O\000L\000L\000E\000C\000T\000I\000O\000N\000\040\000T\000O\000O\000L}{chapter.3}% 34
\BOOKMARK [2][-]{subsection.3.1.1}{\376\377\000\040\000R\000e\000c\000o\000r\000d\000e\000r}{section.3.1}% 35
\BOOKMARK [2][-]{subsection.3.1.2}{\376\377\000\040\000D\000a\000t\000a\000\040\000A\000n\000n\000o\000t\000a\000t\000i\000o\000n\000\040\000T\000o\000o\000l}{section.3.1}% 36
\BOOKMARK [1][-]{section.3.2}{\376\377\000\040\000R\000E\000T\000R\000I\000E\000V\000A\000L\000\040\000A\000U\000G\000M\000E\000N\000T\000E\000D\000\040\000G\000E\000N\000E\000R\000A\000T\000I\000O\000N}{chapter.3}% 37
\BOOKMARK [1][-]{section.3.3}{\376\377\000\040\000T\000E\000X\000T\000\040\000G\000E\000N\000E\000R\000A\000T\000I\000O\000N}{chapter.3}% 38
\BOOKMARK [1][-]{section.3.4}{\376\377\000\040\000V\000I\000S\000I\000O\000N\000\040\000E\000N\000C\000O\000D\000E\000R}{chapter.3}% 39
\BOOKMARK [0][-]{chapter.4}{\376\377\000I\000M\000P\000L\000E\000M\000E\000N\000T\000A\000T\000I\000O\000N}{}% 40
\BOOKMARK [1][-]{section.4.1}{\376\377\000\040\000E\000N\000V\000I\000R\000O\000N\000M\000E\000N\000T}{chapter.4}% 41
\BOOKMARK [1][-]{section.4.2}{\376\377\000\040\000D\000A\000T\000A\000S\000E\000T}{chapter.4}% 42
\BOOKMARK [1][-]{section.4.3}{\376\377\000\040\000V\000I\000S\000I\000O\000N\000\040\000E\000N\000C\000O\000D\000E\000R}{chapter.4}% 43
\BOOKMARK [1][-]{section.4.4}{\376\377\000\040\000D\000A\000T\000A\000\040\000C\000O\000L\000L\000E\000C\000T\000I\000O\000N\000\040\000T\000O\000O\000L}{chapter.4}% 44
\BOOKMARK [2][-]{subsection.4.4.1}{\376\377\000\040\000R\000e\000c\000o\000r\000d\000e\000r}{section.4.4}% 45
\BOOKMARK [2][-]{subsection.4.4.2}{\376\377\000\040\000D\000a\000t\000a\000\040\000A\000n\000n\000o\000t\000a\000t\000i\000o\000n\000\040\000T\000o\000o\000l}{section.4.4}% 46
\BOOKMARK [1][-]{section.4.5}{\376\377\000\040\000C\000O\000N\000T\000R\000O\000L\000\040\000M\000O\000D\000U\000L\000E}{chapter.4}% 47
\BOOKMARK [0][-]{chapter.5}{\376\377\000R\000e\000s\000u\000l\000t\000s\000\040\000a\000n\000d\000\040\000A\000n\000a\000l\000y\000s\000i\000s}{}% 48
\BOOKMARK [1][-]{section.5.1}{\376\377\000\040\000P\000H\000I\000\040\0002\000\040\000R\000E\000S\000P\000O\000N\000S\000E\000\040\000O\000U\000T\000P\000U\000T\000:}{chapter.5}% 49
\BOOKMARK [1][-]{section.5.2}{\376\377\000\040\000P\000H\000I\000\040\0003\000\040\000R\000E\000S\000P\000O\000N\000S\000E\000\040\000O\000U\000T\000P\000U\000T\000:}{chapter.5}% 50
\BOOKMARK [1][-]{section.5.3}{\376\377\000\040\000A\000N\000A\000L\000Y\000S\000I\000S}{chapter.5}% 51
\BOOKMARK [0][-]{chapter.6}{\376\377\000C\000o\000n\000c\000l\000u\000s\000i\000o\000n\000\040\000a\000n\000d\000\040\000F\000u\000t\000u\000r\000e\000\040\000W\000o\000r\000k}{}% 52
\BOOKMARK [1][-]{section.6.1}{\376\377\000\040\000C\000O\000N\000C\000L\000U\000S\000I\000O\000N}{chapter.6}% 53
\BOOKMARK [1][-]{section.6.2}{\376\377\000\040\000F\000U\000T\000U\000R\000E\000\040\000W\000O\000R\000K}{chapter.6}% 54
